{
  "RSpec": {
    "coverage": {
      "/Users/dominicmeddick/Documents/Projects/sinatra/spec/features/sign_up_spec.rb": {
        "lines": [
          null,
          null,
          1,
          null,
          1,
          1,
          1,
          1,
          1,
          1,
          1,
          1,
          null,
          null
        ]
      },
      "/Users/dominicmeddick/Documents/Projects/sinatra/spec/form_spec.rb": {
        "lines": [

        ]
      }
    },
    "timestamp": 1642760181
  }
}
